<?xml version="1.0" encoding="UTF-8"?>
<testng-results ignored="0" total="1" passed="1" failed="0" skipped="0">
  <reporter-output>
  </reporter-output>
  <suite started-at="2022-01-14T21:25:52 IST" name="Default suite" finished-at="2022-01-14T21:26:22 IST" duration-ms="29752">
    <groups>
    </groups>
    <test started-at="2022-01-14T21:25:52 IST" name="Default test" finished-at="2022-01-14T21:26:22 IST" duration-ms="29752">
      <class name="functionality.login2">
        <test-method signature="loginfun()[pri:0, instance:functionality.login2@120f102b]" started-at="2022-01-14T21:25:52 IST" name="loginfun" finished-at="2022-01-14T21:26:22 IST" duration-ms="29632" status="PASS">
          <reporter-output>
          </reporter-output>
        </test-method> <!-- loginfun -->
      </class> <!-- functionality.login2 -->
    </test> <!-- Default test -->
  </suite> <!-- Default suite -->
</testng-results>
